SonarQube plugins:
  - SonarPython 1.14.1.3143 (python)
  - SonarCSS 1.1.1.1010 (cssfamily)
  - GitHub Authentication for SonarQube 1.5.0.870 (authgithub)
  - JaCoCo 1.0.2.475 (jacoco)
  - SonarGo 1.1.1.2000 (go)
  - SonarKotlin 1.5.0.315 (kotlin)
  - Svn 1.9.0.1295 (scmsvn)
  - SonarJS 5.2.1.7778 (javascript)
  - SonarRuby 1.5.0.315 (ruby)
  - SonarScala 1.5.0.315 (sonarscala)
  - SonarC# 7.15.0.8572 (csharp)
  - SonarJava 5.13.1.18282 (java)
  - LDAP 2.2.0.608 (ldap)
  - SonarHTML 3.1.0.1615 (web)
  - Git 1.8.0.1574 (scmgit)
  - SonarFlex 2.5.1.1831 (flex)
  - SonarXML 2.0.1.2020 (xml)
  - SAML 2.0 Authentication for SonarQube 1.1.0.181 (authsaml)
  - SonarPHP 3.2.0.4868 (php)
  - SonarTS 1.9.0.3766 (typescript)
  - SonarVB 7.15.0.8572 (vbnet)
Global server settings:
  - sonar.core.id=BF41A1F2-AXqs3GV3MWGdgO9mVpTa
  - sonar.core.startTime=2021-07-16T09:09:22+0800
Project server settings:
Project scanner properties:
  - sonar.host.url=http://localhost:9000
  - sonar.java.binaries=target
  - sonar.java.source=1.11
  - sonar.language=java
  - sonar.projectBaseDir=C:\Users\paolo.n.rosal\Documents\PPR\Interactive Bench\Java Masterclass\Assessment\BARS Service Materials v3.0\bars-service.paolo.n.rosal
  - sonar.projectDescription=Sonar Project
  - sonar.projectKey=bars-service.paolo.n.rosal
  - sonar.projectName=bars-service.paolo.n.rosal
  - sonar.projectVersion=1.0
  - sonar.scanner.app=ScannerCli
  - sonar.scanner.appVersion=4.0.0.1744
  - sonar.sourceEncoding=windows-1252
  - sonar.sources=src/main/java
  - sonar.verbose=true
  - sonar.working.directory=C:\Users\paolo.n.rosal\Documents\PPR\Interactive Bench\Java Masterclass\Assessment\BARS Service Materials v3.0\bars-service.paolo.n.rosal\.scannerwork
